<?xml version="1.0" encoding="UTF-8"?>
<!-- Generated by org.testng.reporters.JUnitReportReporter -->
<testsuite skipped="0" hostname="Vandana" name="com.learnautomation.testcases.MyAccountChange" tests="3" failures="0" timestamp="25 May 2019 05:10:46 GMT" time="23.074" errors="0">
  <testcase name="login" time="10.298" classname="com.learnautomation.testcases.MyAccountChange"/>
  <testcase name="myAccountVerification" time="8.102" classname="com.learnautomation.testcases.MyAccountChange"/>
  <testcase name="personalInfoChange" time="4.674" classname="com.learnautomation.testcases.MyAccountChange"/>
</testsuite> <!-- com.learnautomation.testcases.MyAccountChange -->
