<?xml version="1.0" encoding="UTF-8"?>
<!-- Generated by org.testng.reporters.JUnitReportReporter -->
<testsuite skipped="0" hostname="Vandana" name="com.learnautomation.testcases.AddNewAddressTest" tests="3" failures="0" timestamp="25 May 2019 06:43:10 GMT" time="40.098" errors="0">
  <testcase name="login" time="25.854" classname="com.learnautomation.testcases.AddNewAddressTest"/>
  <testcase name="myAccountVerification" time="9.846" classname="com.learnautomation.testcases.AddNewAddressTest"/>
  <testcase name="addNewAddressVerification" time="4.398" classname="com.learnautomation.testcases.AddNewAddressTest"/>
</testsuite> <!-- com.learnautomation.testcases.AddNewAddressTest -->
