<?xml version="1.0" encoding="UTF-8"?>
<!-- Generated by org.testng.reporters.JUnitReportReporter -->
<testsuite skipped="0" hostname="Vandana" name="com.learnautomation.pages.LoginTestCRM" tests="2" failures="0" timestamp="17 Apr 2019 19:01:31 GMT" time="14.814" errors="0">
  <testcase name="login" time="12.466" classname="com.learnautomation.pages.LoginTestCRM"/>
  <testcase name="quit" time="2.348" classname="com.learnautomation.pages.LoginTestCRM"/>
</testsuite> <!-- com.learnautomation.pages.LoginTestCRM -->
