<?xml version="1.0" encoding="UTF-8"?>
<!-- Generated by org.testng.reporters.JUnitReportReporter -->
<testsuite skipped="0" hostname="Vandana" name="com.learnautomation.testcases.LoginTestCRM" tests="1" failures="0" timestamp="19 Apr 2019 04:40:02 GMT" time="4.173" errors="0">
  <testcase name="loginApp" time="4.173" classname="com.learnautomation.testcases.LoginTestCRM"/>
</testsuite> <!-- com.learnautomation.testcases.LoginTestCRM -->
