<?xml version="1.0" encoding="UTF-8"?>
<!-- Generated by org.testng.reporters.JUnitReportReporter -->
<testsuite skipped="0" hostname="Vandana" name="com.learnautomation.testcases.LoginTest" tests="1" failures="0" timestamp="24 May 2019 16:43:55 GMT" time="40.847" errors="0">
  <testcase name="loginApp" time="40.847" classname="com.learnautomation.testcases.LoginTest"/>
</testsuite> <!-- com.learnautomation.testcases.LoginTest -->
