<?xml version="1.0" encoding="UTF-8"?>
<!-- Generated by org.testng.reporters.JUnitReportReporter -->
<testsuite skipped="0" hostname="Vandana" name="com.learnautomation.testcases.JabongPointTest" tests="2" failures="0" timestamp="23 May 2019 18:42:43 GMT" time="51.832" errors="0">
  <testcase name="loginApp" time="33.989" classname="com.learnautomation.testcases.JabongPointTest"/>
  <testcase name="jabongPoingVerification" time="17.843" classname="com.learnautomation.testcases.JabongPointTest"/>
</testsuite> <!-- com.learnautomation.testcases.JabongPointTest -->
