<?xml version="1.0" encoding="UTF-8"?>
<!-- Generated by org.testng.reporters.JUnitReportReporter -->
<testsuite skipped="0" hostname="Vandana" name="com.learnautomation.testcases.AddNewAddressTest" tests="3" failures="0" timestamp="20 May 2019 17:30:16 GMT" time="66.400" errors="0">
  <testcase name="login" time="20.442" classname="com.learnautomation.testcases.AddNewAddressTest"/>
  <testcase name="myAccountVerification" time="24.115" classname="com.learnautomation.testcases.AddNewAddressTest"/>
  <testcase name="addNewAddressVerification" time="21.843" classname="com.learnautomation.testcases.AddNewAddressTest"/>
</testsuite> <!-- com.learnautomation.testcases.AddNewAddressTest -->
