<?xml version="1.0" encoding="UTF-8"?>
<!-- Generated by org.testng.reporters.JUnitReportReporter -->
<testsuite skipped="0" hostname="Vandana" name="com.learnautomation.testcases.FetchJabongPointTest" tests="2" failures="0" timestamp="25 May 2019 05:30:58 GMT" time="21.637" errors="0">
  <testcase name="loginApp" time="19.055" classname="com.learnautomation.testcases.FetchJabongPointTest"/>
  <testcase name="jabongPoingVerification" time="2.582" classname="com.learnautomation.testcases.FetchJabongPointTest"/>
</testsuite> <!-- com.learnautomation.testcases.FetchJabongPointTest -->
