<?xml version="1.0" encoding="UTF-8"?>
<!-- Generated by org.testng.reporters.JUnitReportReporter -->
<testsuite skipped="0" hostname="Vandana" name="com.learnautomation.testcases.MyAccountChange" tests="3" failures="0" timestamp="25 May 2019 06:03:16 GMT" time="44.128" errors="0">
  <testcase name="login" time="19.820" classname="com.learnautomation.testcases.MyAccountChange"/>
  <testcase name="myAccountVerification" time="17.002" classname="com.learnautomation.testcases.MyAccountChange"/>
  <testcase name="personalInfoChange" time="7.306" classname="com.learnautomation.testcases.MyAccountChange"/>
</testsuite> <!-- com.learnautomation.testcases.MyAccountChange -->
