<?xml version="1.0" encoding="UTF-8"?>
<!-- Generated by org.testng.reporters.JUnitReportReporter -->
<testsuite skipped="0" hostname="Vandana" name="com.learnautomation.testcases.LoginTestCRM" tests="1" failures="0" timestamp="22 Apr 2019 15:01:06 GMT" time="4.037" errors="0">
  <testcase name="loginApp" time="4.037" classname="com.learnautomation.testcases.LoginTestCRM"/>
</testsuite> <!-- com.learnautomation.testcases.LoginTestCRM -->
