<?xml version="1.0" encoding="UTF-8"?>
<!-- Generated by org.testng.reporters.JUnitReportReporter -->
<testsuite skipped="0" hostname="Vandana" name="com.learnautomation.testcases.LoginTestCRM" tests="1" failures="0" timestamp="20 Apr 2019 04:28:28 GMT" time="3.743" errors="0">
  <testcase name="loginApp" time="3.743" classname="com.learnautomation.testcases.LoginTestCRM"/>
</testsuite> <!-- com.learnautomation.testcases.LoginTestCRM -->
