<?xml version="1.0" encoding="UTF-8"?>
<!-- Generated by org.testng.reporters.JUnitReportReporter -->
<testsuite skipped="0" hostname="Vandana" name="com.learnautomation.testcases.LoginTestCRM" tests="1" failures="0" timestamp="23 May 2019 18:49:03 GMT" time="33.965" errors="0">
  <testcase name="loginApp" time="33.965" classname="com.learnautomation.testcases.LoginTestCRM"/>
</testsuite> <!-- com.learnautomation.testcases.LoginTestCRM -->
