<?xml version="1.0" encoding="UTF-8"?>
<!-- Generated by org.testng.reporters.JUnitReportReporter -->
<testsuite skipped="0" hostname="Vandana" name="com.learnautomation.testcases.LoginTestCRM" tests="1" failures="0" timestamp="19 May 2019 06:59:24 GMT" time="2.058" errors="0">
  <testcase name="loginApp" time="2.058" classname="com.learnautomation.testcases.LoginTestCRM"/>
</testsuite> <!-- com.learnautomation.testcases.LoginTestCRM -->
